TN:
SF:carrinho\carrinho.js
FN:3,(anonymous_0)
FN:10,(anonymous_1)
FN:14,(anonymous_2)
FN:18,(anonymous_3)
FN:20,(anonymous_4)
FN:26,(anonymous_5)
FNF:6
FNH:6
FNDA:6,(anonymous_0)
FNDA:4,(anonymous_1)
FNDA:2,(anonymous_2)
FNDA:1,(anonymous_3)
FNDA:2,(anonymous_4)
FNDA:2,(anonymous_5)
DA:4,6
DA:5,6
DA:6,6
DA:7,6
DA:11,4
DA:15,2
DA:19,1
DA:20,2
DA:23,1
DA:27,2
DA:28,1
DA:31,1
DA:33,1
LF:13
LH:13
BRDA:27,0,0,1
BRDA:27,0,1,1
BRF:2
BRH:2
end_of_record
TN:
SF:carrinho\item.js
FN:3,(anonymous_0)
FN:9,(anonymous_1)
FNF:2
FNH:2
FNDA:4,(anonymous_0)
FNDA:2,(anonymous_1)
DA:4,4
DA:5,4
DA:6,4
DA:10,2
LF:4
LH:4
BRF:0
BRH:0
end_of_record
